<?xml version="1.0" encoding="UTF-8"?>
<testng-results skipped="0" failed="1" ignored="0" total="2" passed="1">
  <reporter-output>
  </reporter-output>
  <suite name="Default suite" duration-ms="64385" started-at="2020-06-08T05:29:38Z" finished-at="2020-06-08T05:30:42Z">
    <groups>
    </groups>
    <test name="Default test" duration-ms="64385" started-at="2020-06-08T05:29:38Z" finished-at="2020-06-08T05:30:42Z">
      <class name="com.qa.testcases.TC_04_Documents">
        <test-method status="PASS" signature="intiBrowser_Login()[pri:0, instance:com.qa.testcases.TC_04_Documents@5dd6264]" name="intiBrowser_Login" is-config="true" duration-ms="12557" started-at="2020-06-08T05:29:38Z" finished-at="2020-06-08T05:29:50Z">
          <reporter-output>
          </reporter-output>
        </test-method> <!-- intiBrowser_Login -->
        <test-method status="PASS" signature="documents_Tab()[pri:1, instance:com.qa.testcases.TC_04_Documents@5dd6264]" name="documents_Tab" duration-ms="17297" started-at="2020-06-08T05:29:50Z" finished-at="2020-06-08T05:30:08Z">
          <reporter-output>
          </reporter-output>
        </test-method> <!-- documents_Tab -->
        <test-method status="PASS" signature="close()[pri:0, instance:com.qa.testcases.TC_04_Documents@5dd6264]" name="close" is-config="true" duration-ms="9419" started-at="2020-06-08T05:30:08Z" finished-at="2020-06-08T05:30:17Z">
          <reporter-output>
          </reporter-output>
        </test-method> <!-- close -->
        <test-method status="PASS" signature="intiBrowser_Login()[pri:0, instance:com.qa.testcases.TC_04_Documents@5dd6264]" name="intiBrowser_Login" is-config="true" duration-ms="15540" started-at="2020-06-08T05:30:17Z" finished-at="2020-06-08T05:30:33Z">
          <reporter-output>
          </reporter-output>
        </test-method> <!-- intiBrowser_Login -->
        <test-method status="FAIL" signature="documents_Edit()[pri:2, instance:com.qa.testcases.TC_04_Documents@5dd6264]" name="documents_Edit" duration-ms="59" started-at="2020-06-08T05:30:33Z" finished-at="2020-06-08T05:30:33Z">
          <exception class="org.openqa.selenium.NoSuchSessionException">
            <message>
              <![CDATA[Session ID is null. Using WebDriver after calling quit()?
Build info: version: '3.141.59', revision: 'e82be7d358', time: '2018-11-14T08:25:48'
System info: host: 'SYS', ip: '192.168.0.9', os.name: 'Windows 10', os.arch: 'amd64', os.version: '10.0', java.version: '1.8.0_251'
Driver info: driver.version: RemoteWebDriver]]>
            </message>
            <full-stacktrace>
              <![CDATA[org.openqa.selenium.NoSuchSessionException: Session ID is null. Using WebDriver after calling quit()?
Build info: version: '3.141.59', revision: 'e82be7d358', time: '2018-11-14T08:25:48'
System info: host: 'SYS', ip: '192.168.0.9', os.name: 'Windows 10', os.arch: 'amd64', os.version: '10.0', java.version: '1.8.0_251'
Driver info: driver.version: RemoteWebDriver
at org.openqa.selenium.remote.HttpCommandExecutor.execute(HttpCommandExecutor.java:125)
at org.openqa.selenium.remote.service.DriverCommandExecutor.execute(DriverCommandExecutor.java:83)
at org.openqa.selenium.remote.RemoteWebDriver.execute(RemoteWebDriver.java:552)
at org.openqa.selenium.remote.RemoteWebDriver.findElement(RemoteWebDriver.java:323)
at org.openqa.selenium.remote.RemoteWebDriver.findElementByXPath(RemoteWebDriver.java:428)
at org.openqa.selenium.By$ByXPath.findElement(By.java:353)
at org.openqa.selenium.remote.RemoteWebDriver.findElement(RemoteWebDriver.java:315)
at org.openqa.selenium.support.pagefactory.DefaultElementLocator.findElement(DefaultElementLocator.java:69)
at org.openqa.selenium.support.pagefactory.internal.LocatingElementHandler.invoke(LocatingElementHandler.java:38)
at com.sun.proxy.$Proxy9.click(Unknown Source)
at com.qa.pages.DocumentsPage.hit_Edit(DocumentsPage.java:111)
at com.qa.testcases.TC_04_Documents.documents_Edit(TC_04_Documents.java:48)
at sun.reflect.NativeMethodAccessorImpl.invoke0(Native Method)
at sun.reflect.NativeMethodAccessorImpl.invoke(Unknown Source)
at sun.reflect.DelegatingMethodAccessorImpl.invoke(Unknown Source)
at java.lang.reflect.Method.invoke(Unknown Source)
at org.testng.internal.MethodInvocationHelper.invokeMethod(MethodInvocationHelper.java:124)
at org.testng.internal.Invoker.invokeMethod(Invoker.java:583)
at org.testng.internal.Invoker.invokeTestMethod(Invoker.java:719)
at org.testng.internal.Invoker.invokeTestMethods(Invoker.java:989)
at org.testng.internal.TestMethodWorker.invokeTestMethods(TestMethodWorker.java:125)
at org.testng.internal.TestMethodWorker.run(TestMethodWorker.java:109)
at org.testng.TestRunner.privateRun(TestRunner.java:648)
at org.testng.TestRunner.run(TestRunner.java:505)
at org.testng.SuiteRunner.runTest(SuiteRunner.java:455)
at org.testng.SuiteRunner.runSequentially(SuiteRunner.java:450)
at org.testng.SuiteRunner.privateRun(SuiteRunner.java:415)
at org.testng.SuiteRunner.run(SuiteRunner.java:364)
at org.testng.SuiteRunnerWorker.runSuite(SuiteRunnerWorker.java:52)
at org.testng.SuiteRunnerWorker.run(SuiteRunnerWorker.java:84)
at org.testng.TestNG.runSuitesSequentially(TestNG.java:1208)
at org.testng.TestNG.runSuitesLocally(TestNG.java:1137)
at org.testng.TestNG.runSuites(TestNG.java:1049)
at org.testng.TestNG.run(TestNG.java:1017)
at org.testng.remote.AbstractRemoteTestNG.run(AbstractRemoteTestNG.java:114)
at org.testng.remote.RemoteTestNG.initAndRun(RemoteTestNG.java:251)
at org.testng.remote.RemoteTestNG.main(RemoteTestNG.java:77)
]]>
            </full-stacktrace>
          </exception> <!-- org.openqa.selenium.NoSuchSessionException -->
          <reporter-output>
          </reporter-output>
        </test-method> <!-- documents_Edit -->
        <test-method status="PASS" signature="close()[pri:0, instance:com.qa.testcases.TC_04_Documents@5dd6264]" name="close" is-config="true" duration-ms="9213" started-at="2020-06-08T05:30:33Z" finished-at="2020-06-08T05:30:42Z">
          <reporter-output>
          </reporter-output>
        </test-method> <!-- close -->
      </class> <!-- com.qa.testcases.TC_04_Documents -->
    </test> <!-- Default test -->
  </suite> <!-- Default suite -->
</testng-results>
